<?xml version="1.0" encoding="UTF-8"?>
<testng-results skipped="0" failed="0" total="1" passed="1">
  <reporter-output>
  </reporter-output>
  <suite name="Default suite" duration-ms="15082" started-at="2016-05-10T20:56:34Z" finished-at="2016-05-10T20:56:49Z">
    <groups>
    </groups>
    <test name="Default test" duration-ms="15082" started-at="2016-05-10T20:56:34Z" finished-at="2016-05-10T20:56:49Z">
      <class name="org.suyog.appium.amazonApp.tests.LoginScenarioTests">
        <test-method status="PASS" signature="setUp()[pri:0, instance:org.suyog.appium.amazonApp.tests.LoginScenarioTests@b684286]" name="setUp" is-config="true" duration-ms="4305" started-at="2016-05-11T02:26:34Z" finished-at="2016-05-11T02:26:38Z">
          <reporter-output>
          </reporter-output>
        </test-method> <!-- setUp -->
        <test-method status="PASS" signature="SearchFlightFlow_VerifyFromToOnHeader()[pri:0, instance:org.suyog.appium.amazonApp.tests.LoginScenarioTests@b684286]" name="SearchFlightFlow_VerifyFromToOnHeader" duration-ms="10007" started-at="2016-05-11T02:26:38Z" finished-at="2016-05-11T02:26:48Z">
          <reporter-output>
          </reporter-output>
        </test-method> <!-- SearchFlightFlow_VerifyFromToOnHeader -->
        <test-method status="PASS" signature="End()[pri:0, instance:org.suyog.appium.amazonApp.tests.LoginScenarioTests@b684286]" name="End" is-config="true" duration-ms="754" started-at="2016-05-11T02:26:48Z" finished-at="2016-05-11T02:26:49Z">
          <reporter-output>
          </reporter-output>
        </test-method> <!-- End -->
      </class> <!-- org.suyog.appium.amazonApp.tests.LoginScenarioTests -->
    </test> <!-- Default test -->
  </suite> <!-- Default suite -->
</testng-results>
